<?xml version="1.0" encoding="UTF-8"?>
<testng-results skipped="0" failed="0" total="1" passed="1">
  <reporter-output>
  </reporter-output>
  <suite name="Default suite" duration-ms="4270" started-at="2014-12-16T20:52:43Z" finished-at="2014-12-16T20:52:47Z">
    <groups>
    </groups>
    <test name="Default test" duration-ms="4270" started-at="2014-12-16T20:52:43Z" finished-at="2014-12-16T20:52:47Z">
      <class name="tamil.selenium.maven.Basicactioncmds">
        <test-method status="PASS" signature="beforetest()[pri:0, instance:tamil.selenium.maven.Basicactioncmds@3d5b89c]" name="beforetest" is-config="true" duration-ms="2027" started-at="2014-12-16T12:52:43Z" finished-at="2014-12-16T12:52:45Z">
          <reporter-output>
          </reporter-output>
        </test-method> <!-- beforetest -->
        <test-method status="PASS" signature="k4s()[pri:0, instance:tamil.selenium.maven.Basicactioncmds@3d5b89c]" name="k4s" duration-ms="2234" started-at="2014-12-16T12:52:45Z" finished-at="2014-12-16T12:52:47Z">
          <reporter-output>
          </reporter-output>
        </test-method> <!-- k4s -->
      </class> <!-- tamil.selenium.maven.Basicactioncmds -->
    </test> <!-- Default test -->
  </suite> <!-- Default suite -->
</testng-results>
